<?xml version="1.0" encoding="UTF-8"?>
<!-- Generated by org.testng.reporters.JUnitXMLReporter -->
<testsuite ignored="0" hostname="LAPTOP-L7CIVKP3" failures="0" tests="33" name="Test" time="71.59" errors="0" timestamp="2026-06-15T22:40:12 IST">
  <testcase classname="tests.TableTest" name="verifyMaximumPriceBook" time="0.188"/>
  <testcase classname="tests.ListTest" name="verifyDropdownList" time="2.56"/>
  <testcase classname="tests.DateTest" name="handleDatePicker1" time="2.282"/>
  <testcase classname="tests.TableTest" name="verifyDynamicTableDetails" time="0.051"/>
  <testcase classname="tests.UploadTest" name="verifySingleFileUpload" time="0.426"/>
  <testcase classname="tests.DateTest" name="handleDatePicker2" time="0.46"/>
  <testcase classname="tests.GUIFormTest" name="verifyFormSubmission" time="0.969"/>
  <testcase classname="tests.ListTest" name="verifyDropdownLists" time="4.314"/>
  <testcase classname="tests.DateTest" name="handleDatePicker3" time="0.273"/>
  <testcase classname="tests.TableTest" name="verifyPaginationTable" time="0.733"/>
  <testcase classname="tests.UploadTest" name="verifyMultipleFileUpload" time="0.13"/>
  <testcase classname="tests.GUIFormTest" name="verifyFormSubmission" time="0.674"/>
  <testcase classname="tests.FormTest" name="testForm" time="0.335"/>
  <testcase classname="tests.TabTest" name="verifyWikiPediaSearch" time="3.211"/>
  <testcase classname="tests.AlertTest" name="handleSimpleAlert" time="0.077"/>
  <testcase classname="tests.HiddenAjaxTest" name="verifyHiddenAjaxPage" time="6.591"/>
  <testcase classname="tests.DynamicButtonTest" name="verifyDynamicButton" time="4.895"/>
  <testcase classname="tests.AlertTest" name="handleConfirmAlertAccept" time="0.088"/>
  <testcase classname="tests.MouseHoverTest" name="verifyMouseHover1" time="1.351"/>
  <testcase classname="tests.DoubleClickTest" name="testDoubleClickCopyText" time="3.061"/>
  <testcase classname="tests.DragDropTest" name="testDragAndDrop" time="0.377"/>
  <testcase classname="tests.DownloadFilesTest" name="automateDownloadFiles" time="12.433"/>
  <testcase classname="tests.AlertTest" name="handleConfirmAlertDismiss" time="0.086"/>
  <testcase classname="tests.MouseHoverTest" name="verifyMouseHover2" time="1.418"/>
  <testcase classname="tests.SvgTest" name="veriFySVGElement" time="1.08"/>
  <testcase classname="tests.DropDownTest" name="verifyScrollingDropdown" time="1.026"/>
  <testcase classname="tests.SliderTest" name="verifySliderMovement" time="2.79"/>
  <testcase classname="tests.AlertTest" name="handlePromptAlertAccept" time="0.111"/>
  <testcase classname="tests.LabelLinkTest" name="verifyMobileLabels" time="0.052"/>
  <testcase classname="tests.ShadowDomTest" name="verifyShadowDomElements" time="3.188"/>
  <testcase classname="tests.AlertTest" name="handlePromptAlertDismiss" time="0.094"/>
  <testcase classname="tests.LabelLinkTest" name="verifyLaptopLinks" time="0.036"/>
  <testcase classname="tests.LabelLinkTest" name="verifyBrokenLinks" time="6.035"/>
</testsuite> <!-- Test -->
