<?xml version="1.0" encoding="UTF-8"?>
<testng-results ignored="0" total="33" passed="33" failed="0" skipped="0">
  <reporter-output>
  </reporter-output>
  <suite started-at="2026-06-15T22:39:00 IST" name="Suite" finished-at="2026-06-15T22:40:12 IST" duration-ms="71590">
    <groups>
      <group name="regression">
        <method signature="AlertTest.handleSimpleAlert()[pri:1, instance:tests.AlertTest@40bffbca]" name="handleSimpleAlert" class="tests.AlertTest"/>
        <method signature="DateTest.handleDatePicker1()[pri:1, instance:tests.DateTest@7a0e1b5e]" name="handleDatePicker1" class="tests.DateTest"/>
        <method signature="DownloadFilesTest.automateDownloadFiles()[pri:1, instance:tests.DownloadFilesTest@70e29e14]" name="automateDownloadFiles" class="tests.DownloadFilesTest"/>
        <method signature="DragDropTest.testDragAndDrop()[pri:1, instance:tests.DragDropTest@62da83ed]" name="testDragAndDrop" class="tests.DragDropTest"/>
        <method signature="DropDownTest.verifyScrollingDropdown()[pri:1, instance:tests.DropDownTest@384fc774]" name="verifyScrollingDropdown" class="tests.DropDownTest"/>
        <method signature="DynamicButtonTest.verifyDynamicButton()[pri:1, instance:tests.DynamicButtonTest@5a4bef8]" name="verifyDynamicButton" class="tests.DynamicButtonTest"/>
        <method signature="FormTest.testForm()[pri:1, instance:tests.FormTest@7c18432b]" name="testForm" class="tests.FormTest"/>
        <method signature="GUIFormTest.verifyFormSubmission(java.lang.String,java.lang.String,java.lang.String,java.lang.String,java.lang.String,java.lang.String,java.lang.String)[pri:1, instance:tests.GUIFormTest@1051817b]" name="verifyFormSubmission" class="tests.GUIFormTest"/>
        <method signature="HiddenAjaxTest.verifyHiddenAjaxPage()[pri:1, instance:tests.HiddenAjaxTest@7646731d]" name="verifyHiddenAjaxPage" class="tests.HiddenAjaxTest"/>
        <method signature="LabelLinkTest.verifyMobileLabels()[pri:1, instance:tests.LabelLinkTest@e3cee7b]" name="verifyMobileLabels" class="tests.LabelLinkTest"/>
        <method signature="ListTest.verifyDropdownList()[pri:1, instance:tests.ListTest@120f38e6]" name="verifyDropdownList" class="tests.ListTest"/>
        <method signature="MouseHoverTest.verifyMouseHover1()[pri:1, instance:tests.MouseHoverTest@2449cff7]" name="verifyMouseHover1" class="tests.MouseHoverTest"/>
        <method signature="ShadowDomTest.verifyShadowDomElements()[pri:1, instance:tests.ShadowDomTest@71e9a896]" name="verifyShadowDomElements" class="tests.ShadowDomTest"/>
        <method signature="SliderTest.verifySliderMovement()[pri:1, instance:tests.SliderTest@5d8445d7]" name="verifySliderMovement" class="tests.SliderTest"/>
        <method signature="SvgTest.veriFySVGElement()[pri:1, instance:tests.SvgTest@37d80fe7]" name="veriFySVGElement" class="tests.SvgTest"/>
        <method signature="TabTest.verifyWikiPediaSearch()[pri:1, instance:tests.TabTest@3b1bb3ab]" name="verifyWikiPediaSearch" class="tests.TabTest"/>
        <method signature="TableTest.verifyMaximumPriceBook()[pri:1, instance:tests.TableTest@173b9122]" name="verifyMaximumPriceBook" class="tests.TableTest"/>
        <method signature="UploadTest.verifySingleFileUpload()[pri:1, instance:tests.UploadTest@702ed190]" name="verifySingleFileUpload" class="tests.UploadTest"/>
        <method signature="AlertTest.handleConfirmAlertAccept()[pri:2, instance:tests.AlertTest@40bffbca]" name="handleConfirmAlertAccept" class="tests.AlertTest"/>
        <method signature="DateTest.handleDatePicker2()[pri:2, instance:tests.DateTest@7a0e1b5e]" name="handleDatePicker2" class="tests.DateTest"/>
        <method signature="LabelLinkTest.verifyLaptopLinks()[pri:2, instance:tests.LabelLinkTest@e3cee7b]" name="verifyLaptopLinks" class="tests.LabelLinkTest"/>
        <method signature="ListTest.verifyDropdownLists()[pri:2, instance:tests.ListTest@120f38e6]" name="verifyDropdownLists" class="tests.ListTest"/>
        <method signature="MouseHoverTest.verifyMouseHover2()[pri:2, instance:tests.MouseHoverTest@2449cff7]" name="verifyMouseHover2" class="tests.MouseHoverTest"/>
        <method signature="TableTest.verifyDynamicTableDetails()[pri:2, instance:tests.TableTest@173b9122]" name="verifyDynamicTableDetails" class="tests.TableTest"/>
        <method signature="UploadTest.verifyMultipleFileUpload()[pri:2, instance:tests.UploadTest@702ed190]" name="verifyMultipleFileUpload" class="tests.UploadTest"/>
        <method signature="AlertTest.handleConfirmAlertDismiss()[pri:3, instance:tests.AlertTest@40bffbca]" name="handleConfirmAlertDismiss" class="tests.AlertTest"/>
        <method signature="DateTest.handleDatePicker3()[pri:3, instance:tests.DateTest@7a0e1b5e]" name="handleDatePicker3" class="tests.DateTest"/>
        <method signature="LabelLinkTest.verifyBrokenLinks()[pri:3, instance:tests.LabelLinkTest@e3cee7b]" name="verifyBrokenLinks" class="tests.LabelLinkTest"/>
        <method signature="TableTest.verifyPaginationTable()[pri:3, instance:tests.TableTest@173b9122]" name="verifyPaginationTable" class="tests.TableTest"/>
        <method signature="AlertTest.handlePromptAlertAccept()[pri:4, instance:tests.AlertTest@40bffbca]" name="handlePromptAlertAccept" class="tests.AlertTest"/>
        <method signature="AlertTest.handlePromptAlertDismiss()[pri:5, instance:tests.AlertTest@40bffbca]" name="handlePromptAlertDismiss" class="tests.AlertTest"/>
      </group> <!-- regression -->
      <group name="smoke">
        <method signature="AlertTest.handleSimpleAlert()[pri:1, instance:tests.AlertTest@40bffbca]" name="handleSimpleAlert" class="tests.AlertTest"/>
        <method signature="DateTest.handleDatePicker1()[pri:1, instance:tests.DateTest@7a0e1b5e]" name="handleDatePicker1" class="tests.DateTest"/>
        <method signature="DoubleClickTest.testDoubleClickCopyText()[pri:1, instance:tests.DoubleClickTest@42a9a63e]" name="testDoubleClickCopyText" class="tests.DoubleClickTest"/>
        <method signature="DownloadFilesTest.automateDownloadFiles()[pri:1, instance:tests.DownloadFilesTest@70e29e14]" name="automateDownloadFiles" class="tests.DownloadFilesTest"/>
        <method signature="DragDropTest.testDragAndDrop()[pri:1, instance:tests.DragDropTest@62da83ed]" name="testDragAndDrop" class="tests.DragDropTest"/>
        <method signature="DropDownTest.verifyScrollingDropdown()[pri:1, instance:tests.DropDownTest@384fc774]" name="verifyScrollingDropdown" class="tests.DropDownTest"/>
        <method signature="DynamicButtonTest.verifyDynamicButton()[pri:1, instance:tests.DynamicButtonTest@5a4bef8]" name="verifyDynamicButton" class="tests.DynamicButtonTest"/>
        <method signature="FormTest.testForm()[pri:1, instance:tests.FormTest@7c18432b]" name="testForm" class="tests.FormTest"/>
        <method signature="GUIFormTest.verifyFormSubmission(java.lang.String,java.lang.String,java.lang.String,java.lang.String,java.lang.String,java.lang.String,java.lang.String)[pri:1, instance:tests.GUIFormTest@1051817b]" name="verifyFormSubmission" class="tests.GUIFormTest"/>
        <method signature="HiddenAjaxTest.verifyHiddenAjaxPage()[pri:1, instance:tests.HiddenAjaxTest@7646731d]" name="verifyHiddenAjaxPage" class="tests.HiddenAjaxTest"/>
        <method signature="LabelLinkTest.verifyMobileLabels()[pri:1, instance:tests.LabelLinkTest@e3cee7b]" name="verifyMobileLabels" class="tests.LabelLinkTest"/>
        <method signature="ListTest.verifyDropdownList()[pri:1, instance:tests.ListTest@120f38e6]" name="verifyDropdownList" class="tests.ListTest"/>
        <method signature="MouseHoverTest.verifyMouseHover1()[pri:1, instance:tests.MouseHoverTest@2449cff7]" name="verifyMouseHover1" class="tests.MouseHoverTest"/>
        <method signature="ShadowDomTest.verifyShadowDomElements()[pri:1, instance:tests.ShadowDomTest@71e9a896]" name="verifyShadowDomElements" class="tests.ShadowDomTest"/>
        <method signature="SliderTest.verifySliderMovement()[pri:1, instance:tests.SliderTest@5d8445d7]" name="verifySliderMovement" class="tests.SliderTest"/>
        <method signature="SvgTest.veriFySVGElement()[pri:1, instance:tests.SvgTest@37d80fe7]" name="veriFySVGElement" class="tests.SvgTest"/>
        <method signature="TabTest.verifyWikiPediaSearch()[pri:1, instance:tests.TabTest@3b1bb3ab]" name="verifyWikiPediaSearch" class="tests.TabTest"/>
        <method signature="TableTest.verifyMaximumPriceBook()[pri:1, instance:tests.TableTest@173b9122]" name="verifyMaximumPriceBook" class="tests.TableTest"/>
        <method signature="UploadTest.verifySingleFileUpload()[pri:1, instance:tests.UploadTest@702ed190]" name="verifySingleFileUpload" class="tests.UploadTest"/>
        <method signature="AlertTest.handleConfirmAlertAccept()[pri:2, instance:tests.AlertTest@40bffbca]" name="handleConfirmAlertAccept" class="tests.AlertTest"/>
        <method signature="DateTest.handleDatePicker2()[pri:2, instance:tests.DateTest@7a0e1b5e]" name="handleDatePicker2" class="tests.DateTest"/>
        <method signature="LabelLinkTest.verifyLaptopLinks()[pri:2, instance:tests.LabelLinkTest@e3cee7b]" name="verifyLaptopLinks" class="tests.LabelLinkTest"/>
      </group> <!-- smoke -->
    </groups>
    <test started-at="2026-06-15T22:39:00 IST" name="Test" finished-at="2026-06-15T22:40:12 IST" duration-ms="71590">
      <class name="tests.MouseHoverTest">
        <test-method is-config="true" signature="setup()[pri:0, instance:tests.MouseHoverTest@2449cff7]" started-at="2026-06-15T22:39:34 IST" name="setup" finished-at="2026-06-15T22:39:39 IST" duration-ms="4344" status="PASS">
          <reporter-output>
          </reporter-output>
        </test-method> <!-- setup -->
        <test-method signature="verifyMouseHover1()[pri:1, instance:tests.MouseHoverTest@2449cff7]" started-at="2026-06-15T22:39:39 IST" name="verifyMouseHover1" description="Verify Mouse Hover Functionality and Mobiles Option Selection" finished-at="2026-06-15T22:39:40 IST" duration-ms="1351" status="PASS">
          <reporter-output>
          </reporter-output>
        </test-method> <!-- verifyMouseHover1 -->
        <test-method is-config="true" signature="tearDown()[pri:0, instance:tests.MouseHoverTest@2449cff7]" started-at="2026-06-15T22:39:40 IST" name="tearDown" finished-at="2026-06-15T22:39:42 IST" duration-ms="1838" status="PASS">
          <reporter-output>
          </reporter-output>
        </test-method> <!-- tearDown -->
        <test-method is-config="true" signature="setup()[pri:0, instance:tests.MouseHoverTest@2449cff7]" started-at="2026-06-15T22:39:42 IST" name="setup" finished-at="2026-06-15T22:39:46 IST" duration-ms="4155" status="PASS">
          <reporter-output>
          </reporter-output>
        </test-method> <!-- setup -->
        <test-method signature="verifyMouseHover2()[pri:2, instance:tests.MouseHoverTest@2449cff7]" started-at="2026-06-15T22:39:46 IST" name="verifyMouseHover2" description="Verify Mouse Hover Functionality and Laptops Option Selection" finished-at="2026-06-15T22:39:47 IST" duration-ms="1418" status="PASS">
          <reporter-output>
          </reporter-output>
        </test-method> <!-- verifyMouseHover2 -->
        <test-method is-config="true" signature="tearDown()[pri:0, instance:tests.MouseHoverTest@2449cff7]" started-at="2026-06-15T22:39:47 IST" name="tearDown" finished-at="2026-06-15T22:39:49 IST" duration-ms="1184" status="PASS">
          <reporter-output>
          </reporter-output>
        </test-method> <!-- tearDown -->
      </class> <!-- tests.MouseHoverTest -->
      <class name="tests.GUIFormTest">
        <test-method is-config="true" signature="setup()[pri:0, instance:tests.GUIFormTest@1051817b]" started-at="2026-06-15T22:39:01 IST" name="setup" finished-at="2026-06-15T22:39:15 IST" duration-ms="13698" status="PASS">
          <reporter-output>
          </reporter-output>
        </test-method> <!-- setup -->
        <test-method signature="verifyFormSubmission(java.lang.String,java.lang.String,java.lang.String,java.lang.String,java.lang.String,java.lang.String,java.lang.String)[pri:1, instance:tests.GUIFormTest@1051817b]" started-at="2026-06-15T22:39:15 IST" name="verifyFormSubmission" description="Verify GUI Form Submission Using Excel Data Driven Testing" data-provider="formData" finished-at="2026-06-15T22:39:15 IST" duration-ms="969" status="PASS">
          <params>
            <param index="0">
              <value>
                <![CDATA[David]]>
              </value>
            </param>
            <param index="1">
              <value>
                <![CDATA[david69@gmail.com]]>
              </value>
            </param>
            <param index="2">
              <value>
                <![CDATA[9465976534]]>
              </value>
            </param>
            <param index="3">
              <value>
                <![CDATA[Kolkata India]]>
              </value>
            </param>
            <param index="4">
              <value>
                <![CDATA[male]]>
              </value>
            </param>
            <param index="5">
              <value>
                <![CDATA[sunday,monday]]>
              </value>
            </param>
            <param index="6">
              <value>
                <![CDATA[India]]>
              </value>
            </param>
          </params>
          <reporter-output>
          </reporter-output>
        </test-method> <!-- verifyFormSubmission -->
        <test-method is-config="true" signature="tearDown()[pri:0, instance:tests.GUIFormTest@1051817b]" started-at="2026-06-15T22:39:15 IST" name="tearDown" finished-at="2026-06-15T22:39:20 IST" duration-ms="4801" status="PASS">
          <reporter-output>
          </reporter-output>
        </test-method> <!-- tearDown -->
        <test-method is-config="true" signature="setup()[pri:0, instance:tests.GUIFormTest@1051817b]" started-at="2026-06-15T22:39:20 IST" name="setup" finished-at="2026-06-15T22:39:26 IST" duration-ms="5474" status="PASS">
          <reporter-output>
          </reporter-output>
        </test-method> <!-- setup -->
        <test-method signature="verifyFormSubmission(java.lang.String,java.lang.String,java.lang.String,java.lang.String,java.lang.String,java.lang.String,java.lang.String)[pri:1, instance:tests.GUIFormTest@1051817b]" started-at="2026-06-15T22:39:26 IST" name="verifyFormSubmission" description="Verify GUI Form Submission Using Excel Data Driven Testing" data-provider="formData" finished-at="2026-06-15T22:39:26 IST" duration-ms="674" status="PASS">
          <params>
            <param index="0">
              <value>
                <![CDATA[Alex]]>
              </value>
            </param>
            <param index="1">
              <value>
                <![CDATA[alex24@gmail.com]]>
              </value>
            </param>
            <param index="2">
              <value>
                <![CDATA[6497653897]]>
              </value>
            </param>
            <param index="3">
              <value>
                <![CDATA[Tokyo Japan]]>
              </value>
            </param>
            <param index="4">
              <value>
                <![CDATA[female]]>
              </value>
            </param>
            <param index="5">
              <value>
                <![CDATA[friday,tuesday]]>
              </value>
            </param>
            <param index="6">
              <value>
                <![CDATA[Japan]]>
              </value>
            </param>
          </params>
          <reporter-output>
          </reporter-output>
        </test-method> <!-- verifyFormSubmission -->
        <test-method is-config="true" signature="tearDown()[pri:0, instance:tests.GUIFormTest@1051817b]" started-at="2026-06-15T22:39:26 IST" name="tearDown" finished-at="2026-06-15T22:39:28 IST" duration-ms="1109" status="PASS">
          <reporter-output>
          </reporter-output>
        </test-method> <!-- tearDown -->
      </class> <!-- tests.GUIFormTest -->
      <class name="tests.ShadowDomTest">
        <test-method is-config="true" signature="setup()[pri:0, instance:tests.ShadowDomTest@71e9a896]" started-at="2026-06-15T22:39:49 IST" name="setup" finished-at="2026-06-15T22:39:50 IST" duration-ms="1209" status="PASS">
          <reporter-output>
          </reporter-output>
        </test-method> <!-- setup -->
        <test-method signature="verifyShadowDomElements()[pri:1, instance:tests.ShadowDomTest@71e9a896]" started-at="2026-06-15T22:39:50 IST" name="verifyShadowDomElements" description="Verify Shadow DOM and Nested Shadow DOM Element Interactions" finished-at="2026-06-15T22:39:53 IST" duration-ms="3188" status="PASS">
          <reporter-output>
          </reporter-output>
        </test-method> <!-- verifyShadowDomElements -->
        <test-method is-config="true" signature="tearDown()[pri:0, instance:tests.ShadowDomTest@71e9a896]" started-at="2026-06-15T22:39:53 IST" name="tearDown" finished-at="2026-06-15T22:39:54 IST" duration-ms="1112" status="PASS">
          <reporter-output>
          </reporter-output>
        </test-method> <!-- tearDown -->
      </class> <!-- tests.ShadowDomTest -->
      <class name="tests.LabelLinkTest">
        <test-method is-config="true" signature="setup()[pri:0, instance:tests.LabelLinkTest@e3cee7b]" started-at="2026-06-15T22:39:49 IST" name="setup" finished-at="2026-06-15T22:39:52 IST" duration-ms="3904" status="PASS">
          <reporter-output>
          </reporter-output>
        </test-method> <!-- setup -->
        <test-method signature="verifyMobileLabels()[pri:1, instance:tests.LabelLinkTest@e3cee7b]" started-at="2026-06-15T22:39:52 IST" name="verifyMobileLabels" description="Verify Mobile Labels Displayed Correctly" finished-at="2026-06-15T22:39:53 IST" duration-ms="52" status="PASS">
          <reporter-output>
          </reporter-output>
        </test-method> <!-- verifyMobileLabels -->
        <test-method is-config="true" signature="tearDown()[pri:0, instance:tests.LabelLinkTest@e3cee7b]" started-at="2026-06-15T22:39:53 IST" name="tearDown" finished-at="2026-06-15T22:39:54 IST" duration-ms="1133" status="PASS">
          <reporter-output>
          </reporter-output>
        </test-method> <!-- tearDown -->
        <test-method is-config="true" signature="setup()[pri:0, instance:tests.LabelLinkTest@e3cee7b]" started-at="2026-06-15T22:39:54 IST" name="setup" finished-at="2026-06-15T22:39:59 IST" duration-ms="5164" status="PASS">
          <reporter-output>
          </reporter-output>
        </test-method> <!-- setup -->
        <test-method signature="verifyLaptopLinks()[pri:2, instance:tests.LabelLinkTest@e3cee7b]" started-at="2026-06-15T22:39:59 IST" name="verifyLaptopLinks" description="Verify Laptop Links Displayed Correctly" finished-at="2026-06-15T22:39:59 IST" duration-ms="36" status="PASS">
          <reporter-output>
          </reporter-output>
        </test-method> <!-- verifyLaptopLinks -->
        <test-method is-config="true" signature="tearDown()[pri:0, instance:tests.LabelLinkTest@e3cee7b]" started-at="2026-06-15T22:39:59 IST" name="tearDown" finished-at="2026-06-15T22:40:00 IST" duration-ms="1125" status="PASS">
          <reporter-output>
          </reporter-output>
        </test-method> <!-- tearDown -->
        <test-method is-config="true" signature="setup()[pri:0, instance:tests.LabelLinkTest@e3cee7b]" started-at="2026-06-15T22:40:00 IST" name="setup" finished-at="2026-06-15T22:40:05 IST" duration-ms="4577" status="PASS">
          <reporter-output>
          </reporter-output>
        </test-method> <!-- setup -->
        <test-method signature="verifyBrokenLinks()[pri:3, instance:tests.LabelLinkTest@e3cee7b]" started-at="2026-06-15T22:40:05 IST" name="verifyBrokenLinks" description="Verify Broken Links Validation Functionality" finished-at="2026-06-15T22:40:11 IST" duration-ms="6035" status="PASS">
          <reporter-output>
          </reporter-output>
        </test-method> <!-- verifyBrokenLinks -->
        <test-method is-config="true" signature="tearDown()[pri:0, instance:tests.LabelLinkTest@e3cee7b]" started-at="2026-06-15T22:40:11 IST" name="tearDown" finished-at="2026-06-15T22:40:12 IST" duration-ms="1179" status="PASS">
          <reporter-output>
          </reporter-output>
        </test-method> <!-- tearDown -->
      </class> <!-- tests.LabelLinkTest -->
      <class name="tests.DynamicButtonTest">
        <test-method is-config="true" signature="setup()[pri:0, instance:tests.DynamicButtonTest@5a4bef8]" started-at="2026-06-15T22:39:28 IST" name="setup" finished-at="2026-06-15T22:39:30 IST" duration-ms="2854" status="PASS">
          <reporter-output>
          </reporter-output>
        </test-method> <!-- setup -->
        <test-method signature="verifyDynamicButton()[pri:1, instance:tests.DynamicButtonTest@5a4bef8]" started-at="2026-06-15T22:39:30 IST" name="verifyDynamicButton" description="Verify Dynamic START and STOP Button Functionality" finished-at="2026-06-15T22:39:35 IST" duration-ms="4895" status="PASS">
          <reporter-output>
          </reporter-output>
        </test-method> <!-- verifyDynamicButton -->
        <test-method is-config="true" signature="tearDown()[pri:0, instance:tests.DynamicButtonTest@5a4bef8]" started-at="2026-06-15T22:39:35 IST" name="tearDown" finished-at="2026-06-15T22:39:36 IST" duration-ms="1178" status="PASS">
          <reporter-output>
          </reporter-output>
        </test-method> <!-- tearDown -->
      </class> <!-- tests.DynamicButtonTest -->
      <class name="tests.UploadTest">
        <test-method is-config="true" signature="setup()[pri:0, instance:tests.UploadTest@702ed190]" started-at="2026-06-15T22:39:00 IST" name="setup" finished-at="2026-06-15T22:39:15 IST" duration-ms="14489" status="PASS">
          <reporter-output>
          </reporter-output>
        </test-method> <!-- setup -->
        <test-method signature="verifySingleFileUpload()[pri:1, instance:tests.UploadTest@702ed190]" started-at="2026-06-15T22:39:15 IST" name="verifySingleFileUpload" description="Verify Single File Upload Functionality" finished-at="2026-06-15T22:39:15 IST" duration-ms="426" status="PASS">
          <reporter-output>
          </reporter-output>
        </test-method> <!-- verifySingleFileUpload -->
        <test-method is-config="true" signature="tearDown()[pri:0, instance:tests.UploadTest@702ed190]" started-at="2026-06-15T22:39:15 IST" name="tearDown" finished-at="2026-06-15T22:39:20 IST" duration-ms="5157" status="PASS">
          <reporter-output>
          </reporter-output>
        </test-method> <!-- tearDown -->
        <test-method is-config="true" signature="setup()[pri:0, instance:tests.UploadTest@702ed190]" started-at="2026-06-15T22:39:20 IST" name="setup" finished-at="2026-06-15T22:39:25 IST" duration-ms="4213" status="PASS">
          <reporter-output>
          </reporter-output>
        </test-method> <!-- setup -->
        <test-method signature="verifyMultipleFileUpload()[pri:2, instance:tests.UploadTest@702ed190]" started-at="2026-06-15T22:39:25 IST" name="verifyMultipleFileUpload" description="Verify Multiple File Upload Functionality" finished-at="2026-06-15T22:39:25 IST" duration-ms="130" status="PASS">
          <reporter-output>
          </reporter-output>
        </test-method> <!-- verifyMultipleFileUpload -->
        <test-method is-config="true" signature="tearDown()[pri:0, instance:tests.UploadTest@702ed190]" started-at="2026-06-15T22:39:25 IST" name="tearDown" finished-at="2026-06-15T22:39:26 IST" duration-ms="1150" status="PASS">
          <reporter-output>
          </reporter-output>
        </test-method> <!-- tearDown -->
      </class> <!-- tests.UploadTest -->
      <class name="tests.ListTest">
        <test-method is-config="true" signature="setup()[pri:0, instance:tests.ListTest@120f38e6]" started-at="2026-06-15T22:39:00 IST" name="setup" finished-at="2026-06-15T22:39:06 IST" duration-ms="6266" status="PASS">
          <reporter-output>
          </reporter-output>
        </test-method> <!-- setup -->
        <test-method signature="verifyDropdownList()[pri:1, instance:tests.ListTest@120f38e6]" started-at="2026-06-15T22:39:07 IST" name="verifyDropdownList" description="Verify Single Selection Functionality For Color and Animal Dropdown Lists" finished-at="2026-06-15T22:39:09 IST" duration-ms="2560" status="PASS">
          <reporter-output>
          </reporter-output>
        </test-method> <!-- verifyDropdownList -->
        <test-method is-config="true" signature="tearDown()[pri:0, instance:tests.ListTest@120f38e6]" started-at="2026-06-15T22:39:09 IST" name="tearDown" finished-at="2026-06-15T22:39:10 IST" duration-ms="1139" status="PASS">
          <reporter-output>
          </reporter-output>
        </test-method> <!-- tearDown -->
        <test-method is-config="true" signature="setup()[pri:0, instance:tests.ListTest@120f38e6]" started-at="2026-06-15T22:39:10 IST" name="setup" finished-at="2026-06-15T22:39:18 IST" duration-ms="7275" status="PASS">
          <reporter-output>
          </reporter-output>
        </test-method> <!-- setup -->
        <test-method signature="verifyDropdownLists()[pri:2, instance:tests.ListTest@120f38e6]" started-at="2026-06-15T22:39:18 IST" name="verifyDropdownLists" description="Verify Multiple Selection Functionality For Color and Animal Dropdown Lists" finished-at="2026-06-15T22:39:22 IST" duration-ms="4314" status="PASS">
          <reporter-output>
          </reporter-output>
        </test-method> <!-- verifyDropdownLists -->
        <test-method is-config="true" signature="tearDown()[pri:0, instance:tests.ListTest@120f38e6]" started-at="2026-06-15T22:39:22 IST" name="tearDown" finished-at="2026-06-15T22:39:23 IST" duration-ms="1159" status="PASS">
          <reporter-output>
          </reporter-output>
        </test-method> <!-- tearDown -->
      </class> <!-- tests.ListTest -->
      <class name="tests.DropDownTest">
        <test-method is-config="true" signature="setup()[pri:0, instance:tests.DropDownTest@384fc774]" started-at="2026-06-15T22:39:43 IST" name="setup" finished-at="2026-06-15T22:39:47 IST" duration-ms="4324" status="PASS">
          <reporter-output>
          </reporter-output>
        </test-method> <!-- setup -->
        <test-method signature="verifyScrollingDropdown()[pri:1, instance:tests.DropDownTest@384fc774]" started-at="2026-06-15T22:39:47 IST" name="verifyScrollingDropdown" description="Verify Scrollable Dropdown Selection Functionality" finished-at="2026-06-15T22:39:48 IST" duration-ms="1026" status="PASS">
          <reporter-output>
          </reporter-output>
        </test-method> <!-- verifyScrollingDropdown -->
        <test-method is-config="true" signature="tearDown()[pri:0, instance:tests.DropDownTest@384fc774]" started-at="2026-06-15T22:39:48 IST" name="tearDown" finished-at="2026-06-15T22:39:49 IST" duration-ms="1145" status="PASS">
          <reporter-output>
          </reporter-output>
        </test-method> <!-- tearDown -->
      </class> <!-- tests.DropDownTest -->
      <class name="tests.SvgTest">
        <test-method is-config="true" signature="setup()[pri:0, instance:tests.SvgTest@37d80fe7]" started-at="2026-06-15T22:39:42 IST" name="setup" finished-at="2026-06-15T22:39:46 IST" duration-ms="4317" status="PASS">
          <reporter-output>
          </reporter-output>
        </test-method> <!-- setup -->
        <test-method signature="veriFySVGElement()[pri:1, instance:tests.SvgTest@37d80fe7]" started-at="2026-06-15T22:39:46 IST" name="veriFySVGElement" description="Verify SVG Elements Visibility and Validation Functionality" finished-at="2026-06-15T22:39:47 IST" duration-ms="1080" status="PASS">
          <reporter-output>
          </reporter-output>
        </test-method> <!-- veriFySVGElement -->
        <test-method is-config="true" signature="tearDown()[pri:0, instance:tests.SvgTest@37d80fe7]" started-at="2026-06-15T22:39:47 IST" name="tearDown" finished-at="2026-06-15T22:39:49 IST" duration-ms="1143" status="PASS">
          <reporter-output>
          </reporter-output>
        </test-method> <!-- tearDown -->
      </class> <!-- tests.SvgTest -->
      <class name="tests.DownloadFilesTest">
        <test-method is-config="true" signature="setup()[pri:0, instance:tests.DownloadFilesTest@70e29e14]" started-at="2026-06-15T22:39:25 IST" name="setup" finished-at="2026-06-15T22:39:29 IST" duration-ms="4001" status="PASS">
          <reporter-output>
          </reporter-output>
        </test-method> <!-- setup -->
        <test-method signature="automateDownloadFiles()[pri:1, instance:tests.DownloadFilesTest@70e29e14]" started-at="2026-06-15T22:39:29 IST" name="automateDownloadFiles" description="Verify Text and PDF File Generation and Download Functionality" finished-at="2026-06-15T22:39:41 IST" duration-ms="12433" status="PASS">
          <reporter-output>
          </reporter-output>
        </test-method> <!-- automateDownloadFiles -->
        <test-method is-config="true" signature="tearDown()[pri:0, instance:tests.DownloadFilesTest@70e29e14]" started-at="2026-06-15T22:39:41 IST" name="tearDown" finished-at="2026-06-15T22:39:43 IST" duration-ms="1477" status="PASS">
          <reporter-output>
          </reporter-output>
        </test-method> <!-- tearDown -->
      </class> <!-- tests.DownloadFilesTest -->
      <class name="tests.HiddenAjaxTest">
        <test-method is-config="true" signature="setup()[pri:0, instance:tests.HiddenAjaxTest@7646731d]" started-at="2026-06-15T22:39:25 IST" name="setup" finished-at="2026-06-15T22:39:29 IST" duration-ms="3983" status="PASS">
          <reporter-output>
          </reporter-output>
        </test-method> <!-- setup -->
        <test-method signature="verifyHiddenAjaxPage()[pri:1, instance:tests.HiddenAjaxTest@7646731d]" started-at="2026-06-15T22:39:29 IST" name="verifyHiddenAjaxPage" description="Verify Hidden Elements and AJAX Content Loading Functionality" finished-at="2026-06-15T22:39:35 IST" duration-ms="6591" status="PASS">
          <reporter-output>
          </reporter-output>
        </test-method> <!-- verifyHiddenAjaxPage -->
        <test-method is-config="true" signature="tearDown()[pri:0, instance:tests.HiddenAjaxTest@7646731d]" started-at="2026-06-15T22:39:35 IST" name="tearDown" finished-at="2026-06-15T22:39:36 IST" duration-ms="1126" status="PASS">
          <reporter-output>
          </reporter-output>
        </test-method> <!-- tearDown -->
      </class> <!-- tests.HiddenAjaxTest -->
      <class name="tests.SliderTest">
        <test-method is-config="true" signature="setup()[pri:0, instance:tests.SliderTest@5d8445d7]" started-at="2026-06-15T22:39:42 IST" name="setup" finished-at="2026-06-15T22:39:46 IST" duration-ms="4095" status="PASS">
          <reporter-output>
          </reporter-output>
        </test-method> <!-- setup -->
        <test-method signature="verifySliderMovement()[pri:1, instance:tests.SliderTest@5d8445d7]" started-at="2026-06-15T22:39:46 IST" name="verifySliderMovement" description="Verify Slider Movement Functionality Using Drag and Drop Actions" finished-at="2026-06-15T22:39:49 IST" duration-ms="2790" status="PASS">
          <reporter-output>
          </reporter-output>
        </test-method> <!-- verifySliderMovement -->
        <test-method is-config="true" signature="tearDown()[pri:0, instance:tests.SliderTest@5d8445d7]" started-at="2026-06-15T22:39:49 IST" name="tearDown" finished-at="2026-06-15T22:39:50 IST" duration-ms="1163" status="PASS">
          <reporter-output>
          </reporter-output>
        </test-method> <!-- tearDown -->
      </class> <!-- tests.SliderTest -->
      <class name="tests.TabTest">
        <test-method is-config="true" signature="setup()[pri:0, instance:tests.TabTest@3b1bb3ab]" started-at="2026-06-15T22:39:26 IST" name="setup" finished-at="2026-06-15T22:39:30 IST" duration-ms="4127" status="PASS">
          <reporter-output>
          </reporter-output>
        </test-method> <!-- setup -->
        <test-method signature="verifyWikiPediaSearch()[pri:1, instance:tests.TabTest@3b1bb3ab]" started-at="2026-06-15T22:39:30 IST" name="verifyWikiPediaSearch" description="Verify Wikipedia Search Functionality and Result Count Validation" finished-at="2026-06-15T22:39:33 IST" duration-ms="3211" status="PASS">
          <reporter-output>
          </reporter-output>
        </test-method> <!-- verifyWikiPediaSearch -->
        <test-method is-config="true" signature="tearDown()[pri:0, instance:tests.TabTest@3b1bb3ab]" started-at="2026-06-15T22:39:33 IST" name="tearDown" finished-at="2026-06-15T22:39:34 IST" duration-ms="1136" status="PASS">
          <reporter-output>
          </reporter-output>
        </test-method> <!-- tearDown -->
      </class> <!-- tests.TabTest -->
      <class name="tests.DoubleClickTest">
        <test-method is-config="true" signature="setup()[pri:0, instance:tests.DoubleClickTest@42a9a63e]" started-at="2026-06-15T22:39:36 IST" name="setup" finished-at="2026-06-15T22:39:38 IST" duration-ms="1222" status="PASS">
          <reporter-output>
          </reporter-output>
        </test-method> <!-- setup -->
        <test-method signature="testDoubleClickCopyText()[pri:1, instance:tests.DoubleClickTest@42a9a63e]" started-at="2026-06-15T22:39:38 IST" name="testDoubleClickCopyText" description="Testing Double Click Copy Button" finished-at="2026-06-15T22:39:41 IST" duration-ms="3061" status="PASS">
          <reporter-output>
          </reporter-output>
        </test-method> <!-- testDoubleClickCopyText -->
        <test-method is-config="true" signature="tearDown()[pri:0, instance:tests.DoubleClickTest@42a9a63e]" started-at="2026-06-15T22:39:41 IST" name="tearDown" finished-at="2026-06-15T22:39:42 IST" duration-ms="1237" status="PASS">
          <reporter-output>
          </reporter-output>
        </test-method> <!-- tearDown -->
      </class> <!-- tests.DoubleClickTest -->
      <class name="tests.TableTest">
        <test-method is-config="true" signature="setup()[pri:0, instance:tests.TableTest@173b9122]" started-at="2026-06-15T22:39:00 IST" name="setup" finished-at="2026-06-15T22:39:06 IST" duration-ms="6249" status="PASS">
          <reporter-output>
          </reporter-output>
        </test-method> <!-- setup -->
        <test-method signature="verifyMaximumPriceBook()[pri:1, instance:tests.TableTest@173b9122]" started-at="2026-06-15T22:39:07 IST" name="verifyMaximumPriceBook" description="Verify Maximum Price Book Details Retrieval From Static Web Table" finished-at="2026-06-15T22:39:07 IST" duration-ms="188" status="PASS">
          <reporter-output>
          </reporter-output>
        </test-method> <!-- verifyMaximumPriceBook -->
        <test-method is-config="true" signature="tearDown()[pri:0, instance:tests.TableTest@173b9122]" started-at="2026-06-15T22:39:07 IST" name="tearDown" finished-at="2026-06-15T22:39:08 IST" duration-ms="1120" status="PASS">
          <reporter-output>
          </reporter-output>
        </test-method> <!-- tearDown -->
        <test-method is-config="true" signature="setup()[pri:0, instance:tests.TableTest@173b9122]" started-at="2026-06-15T22:39:08 IST" name="setup" finished-at="2026-06-15T22:39:12 IST" duration-ms="4376" status="PASS">
          <reporter-output>
          </reporter-output>
        </test-method> <!-- setup -->
        <test-method signature="verifyDynamicTableDetails()[pri:2, instance:tests.TableTest@173b9122]" started-at="2026-06-15T22:39:12 IST" name="verifyDynamicTableDetails" description="Verify Dynamic Web Table Data Retrieval Functionality" finished-at="2026-06-15T22:39:12 IST" duration-ms="51" status="PASS">
          <reporter-output>
          </reporter-output>
        </test-method> <!-- verifyDynamicTableDetails -->
        <test-method is-config="true" signature="tearDown()[pri:0, instance:tests.TableTest@173b9122]" started-at="2026-06-15T22:39:12 IST" name="tearDown" finished-at="2026-06-15T22:39:13 IST" duration-ms="1125" status="PASS">
          <reporter-output>
          </reporter-output>
        </test-method> <!-- tearDown -->
        <test-method is-config="true" signature="setup()[pri:0, instance:tests.TableTest@173b9122]" started-at="2026-06-15T22:39:13 IST" name="setup" finished-at="2026-06-15T22:39:23 IST" duration-ms="9683" status="PASS">
          <reporter-output>
          </reporter-output>
        </test-method> <!-- setup -->
        <test-method signature="verifyPaginationTable()[pri:3, instance:tests.TableTest@173b9122]" started-at="2026-06-15T22:39:23 IST" name="verifyPaginationTable" description="Verify Pagination Web Table Row Selection and Data Retrieval" finished-at="2026-06-15T22:39:24 IST" duration-ms="733" status="PASS">
          <reporter-output>
          </reporter-output>
        </test-method> <!-- verifyPaginationTable -->
        <test-method is-config="true" signature="tearDown()[pri:0, instance:tests.TableTest@173b9122]" started-at="2026-06-15T22:39:24 IST" name="tearDown" finished-at="2026-06-15T22:39:25 IST" duration-ms="1179" status="PASS">
          <reporter-output>
          </reporter-output>
        </test-method> <!-- tearDown -->
      </class> <!-- tests.TableTest -->
      <class name="tests.DateTest">
        <test-method is-config="true" signature="setup()[pri:0, instance:tests.DateTest@7a0e1b5e]" started-at="2026-06-15T22:39:00 IST" name="setup" finished-at="2026-06-15T22:39:07 IST" duration-ms="7163" status="PASS">
          <reporter-output>
          </reporter-output>
        </test-method> <!-- setup -->
        <test-method signature="handleDatePicker1()[pri:1, instance:tests.DateTest@7a0e1b5e]" started-at="2026-06-15T22:39:07 IST" name="handleDatePicker1" description="Verify Date Picker 1 Calendar Selection Functionality" finished-at="2026-06-15T22:39:10 IST" duration-ms="2282" status="PASS">
          <reporter-output>
          </reporter-output>
        </test-method> <!-- handleDatePicker1 -->
        <test-method is-config="true" signature="tearDown()[pri:0, instance:tests.DateTest@7a0e1b5e]" started-at="2026-06-15T22:39:10 IST" name="tearDown" finished-at="2026-06-15T22:39:11 IST" duration-ms="1110" status="PASS">
          <reporter-output>
          </reporter-output>
        </test-method> <!-- tearDown -->
        <test-method is-config="true" signature="setup()[pri:0, instance:tests.DateTest@7a0e1b5e]" started-at="2026-06-15T22:39:11 IST" name="setup" finished-at="2026-06-15T22:39:15 IST" duration-ms="3971" status="PASS">
          <reporter-output>
          </reporter-output>
        </test-method> <!-- setup -->
        <test-method signature="handleDatePicker2()[pri:2, instance:tests.DateTest@7a0e1b5e]" started-at="2026-06-15T22:39:15 IST" name="handleDatePicker2" description="Verify Date Picker 2 Dropdown Calendar Selection Functionality" finished-at="2026-06-15T22:39:15 IST" duration-ms="460" status="PASS">
          <reporter-output>
          </reporter-output>
        </test-method> <!-- handleDatePicker2 -->
        <test-method is-config="true" signature="tearDown()[pri:0, instance:tests.DateTest@7a0e1b5e]" started-at="2026-06-15T22:39:15 IST" name="tearDown" finished-at="2026-06-15T22:39:18 IST" duration-ms="2525" status="PASS">
          <reporter-output>
          </reporter-output>
        </test-method> <!-- tearDown -->
        <test-method is-config="true" signature="setup()[pri:0, instance:tests.DateTest@7a0e1b5e]" started-at="2026-06-15T22:39:18 IST" name="setup" finished-at="2026-06-15T22:39:23 IST" duration-ms="5473" status="PASS">
          <reporter-output>
          </reporter-output>
        </test-method> <!-- setup -->
        <test-method signature="handleDatePicker3()[pri:3, instance:tests.DateTest@7a0e1b5e]" started-at="2026-06-15T22:39:23 IST" name="handleDatePicker3" description="Verify Date Range Selection Functionality Using Date Picker 3" finished-at="2026-06-15T22:39:23 IST" duration-ms="273" status="PASS">
          <reporter-output>
          </reporter-output>
        </test-method> <!-- handleDatePicker3 -->
        <test-method is-config="true" signature="tearDown()[pri:0, instance:tests.DateTest@7a0e1b5e]" started-at="2026-06-15T22:39:23 IST" name="tearDown" finished-at="2026-06-15T22:39:25 IST" duration-ms="1122" status="PASS">
          <reporter-output>
          </reporter-output>
        </test-method> <!-- tearDown -->
      </class> <!-- tests.DateTest -->
      <class name="tests.DragDropTest">
        <test-method is-config="true" signature="setup()[pri:0, instance:tests.DragDropTest@62da83ed]" started-at="2026-06-15T22:39:36 IST" name="setup" finished-at="2026-06-15T22:39:40 IST" duration-ms="3993" status="PASS">
          <reporter-output>
          </reporter-output>
        </test-method> <!-- setup -->
        <test-method signature="testDragAndDrop()[pri:1, instance:tests.DragDropTest@62da83ed]" started-at="2026-06-15T22:39:40 IST" name="testDragAndDrop" description="Verify Drag and Drop Functionality Between Source and Target Elements" finished-at="2026-06-15T22:39:41 IST" duration-ms="377" status="PASS">
          <reporter-output>
          </reporter-output>
        </test-method> <!-- testDragAndDrop -->
        <test-method is-config="true" signature="tearDown()[pri:0, instance:tests.DragDropTest@62da83ed]" started-at="2026-06-15T22:39:41 IST" name="tearDown" finished-at="2026-06-15T22:39:42 IST" duration-ms="1148" status="PASS">
          <reporter-output>
          </reporter-output>
        </test-method> <!-- tearDown -->
      </class> <!-- tests.DragDropTest -->
      <class name="tests.AlertTest">
        <test-method is-config="true" signature="setup()[pri:0, instance:tests.AlertTest@40bffbca]" started-at="2026-06-15T22:39:29 IST" name="setup" finished-at="2026-06-15T22:39:33 IST" duration-ms="4211" status="PASS">
          <reporter-output>
          </reporter-output>
        </test-method> <!-- setup -->
        <test-method signature="handleSimpleAlert()[pri:1, instance:tests.AlertTest@40bffbca]" started-at="2026-06-15T22:39:33 IST" name="handleSimpleAlert" description="Verify Simple ALert Accept Functionality" finished-at="2026-06-15T22:39:33 IST" duration-ms="77" status="PASS">
          <reporter-output>
          </reporter-output>
        </test-method> <!-- handleSimpleAlert -->
        <test-method is-config="true" signature="tearDown()[pri:0, instance:tests.AlertTest@40bffbca]" started-at="2026-06-15T22:39:33 IST" name="tearDown" finished-at="2026-06-15T22:39:35 IST" duration-ms="1129" status="PASS">
          <reporter-output>
          </reporter-output>
        </test-method> <!-- tearDown -->
        <test-method is-config="true" signature="setup()[pri:0, instance:tests.AlertTest@40bffbca]" started-at="2026-06-15T22:39:35 IST" name="setup" finished-at="2026-06-15T22:39:39 IST" duration-ms="3943" status="PASS">
          <reporter-output>
          </reporter-output>
        </test-method> <!-- setup -->
        <test-method signature="handleConfirmAlertAccept()[pri:2, instance:tests.AlertTest@40bffbca]" started-at="2026-06-15T22:39:39 IST" name="handleConfirmAlertAccept" description="Verify Confirm Alert Accept Functionality" finished-at="2026-06-15T22:39:39 IST" duration-ms="88" status="PASS">
          <reporter-output>
          </reporter-output>
        </test-method> <!-- handleConfirmAlertAccept -->
        <test-method is-config="true" signature="tearDown()[pri:0, instance:tests.AlertTest@40bffbca]" started-at="2026-06-15T22:39:39 IST" name="tearDown" finished-at="2026-06-15T22:39:40 IST" duration-ms="1132" status="PASS">
          <reporter-output>
          </reporter-output>
        </test-method> <!-- tearDown -->
        <test-method is-config="true" signature="setup()[pri:0, instance:tests.AlertTest@40bffbca]" started-at="2026-06-15T22:39:40 IST" name="setup" finished-at="2026-06-15T22:39:44 IST" duration-ms="4751" status="PASS">
          <reporter-output>
          </reporter-output>
        </test-method> <!-- setup -->
        <test-method signature="handleConfirmAlertDismiss()[pri:3, instance:tests.AlertTest@40bffbca]" started-at="2026-06-15T22:39:44 IST" name="handleConfirmAlertDismiss" description="Verify Confirm Alert Dismiss Functionality" finished-at="2026-06-15T22:39:45 IST" duration-ms="86" status="PASS">
          <reporter-output>
          </reporter-output>
        </test-method> <!-- handleConfirmAlertDismiss -->
        <test-method is-config="true" signature="tearDown()[pri:0, instance:tests.AlertTest@40bffbca]" started-at="2026-06-15T22:39:45 IST" name="tearDown" finished-at="2026-06-15T22:39:46 IST" duration-ms="1163" status="PASS">
          <reporter-output>
          </reporter-output>
        </test-method> <!-- tearDown -->
        <test-method is-config="true" signature="setup()[pri:0, instance:tests.AlertTest@40bffbca]" started-at="2026-06-15T22:39:46 IST" name="setup" finished-at="2026-06-15T22:39:50 IST" duration-ms="4232" status="PASS">
          <reporter-output>
          </reporter-output>
        </test-method> <!-- setup -->
        <test-method signature="handlePromptAlertAccept()[pri:4, instance:tests.AlertTest@40bffbca]" started-at="2026-06-15T22:39:50 IST" name="handlePromptAlertAccept" description="Verify Prompt Alert Accept Functionality" finished-at="2026-06-15T22:39:50 IST" duration-ms="111" status="PASS">
          <reporter-output>
          </reporter-output>
        </test-method> <!-- handlePromptAlertAccept -->
        <test-method is-config="true" signature="tearDown()[pri:0, instance:tests.AlertTest@40bffbca]" started-at="2026-06-15T22:39:50 IST" name="tearDown" finished-at="2026-06-15T22:39:51 IST" duration-ms="1110" status="PASS">
          <reporter-output>
          </reporter-output>
        </test-method> <!-- tearDown -->
        <test-method is-config="true" signature="setup()[pri:0, instance:tests.AlertTest@40bffbca]" started-at="2026-06-15T22:39:51 IST" name="setup" finished-at="2026-06-15T22:39:55 IST" duration-ms="4054" status="PASS">
          <reporter-output>
          </reporter-output>
        </test-method> <!-- setup -->
        <test-method signature="handlePromptAlertDismiss()[pri:5, instance:tests.AlertTest@40bffbca]" started-at="2026-06-15T22:39:55 IST" name="handlePromptAlertDismiss" description="Verify Prompt Alert Dismiss Functionality" finished-at="2026-06-15T22:39:55 IST" duration-ms="94" status="PASS">
          <reporter-output>
          </reporter-output>
        </test-method> <!-- handlePromptAlertDismiss -->
        <test-method is-config="true" signature="tearDown()[pri:0, instance:tests.AlertTest@40bffbca]" started-at="2026-06-15T22:39:55 IST" name="tearDown" finished-at="2026-06-15T22:39:56 IST" duration-ms="1121" status="PASS">
          <reporter-output>
          </reporter-output>
        </test-method> <!-- tearDown -->
      </class> <!-- tests.AlertTest -->
      <class name="tests.FormTest">
        <test-method is-config="true" signature="setup()[pri:0, instance:tests.FormTest@7c18432b]" started-at="2026-06-15T22:39:23 IST" name="setup" finished-at="2026-06-15T22:39:27 IST" duration-ms="3965" status="PASS">
          <reporter-output>
          </reporter-output>
        </test-method> <!-- setup -->
        <test-method signature="testForm()[pri:1, instance:tests.FormTest@7c18432b]" started-at="2026-06-15T22:39:27 IST" name="testForm" description="Verify Multi Section Form Input and Submission Functionality" finished-at="2026-06-15T22:39:27 IST" duration-ms="335" status="PASS">
          <reporter-output>
          </reporter-output>
        </test-method> <!-- testForm -->
        <test-method is-config="true" signature="tearDown()[pri:0, instance:tests.FormTest@7c18432b]" started-at="2026-06-15T22:39:27 IST" name="tearDown" finished-at="2026-06-15T22:39:29 IST" duration-ms="1790" status="PASS">
          <reporter-output>
          </reporter-output>
        </test-method> <!-- tearDown -->
      </class> <!-- tests.FormTest -->
    </test> <!-- Test -->
  </suite> <!-- Suite -->
</testng-results>
