<?xml version="1.0" encoding="UTF-8"?>
<testsuite xmlns:xsi="http://www.w3.org/2001/XMLSchema-instance" xsi:noNamespaceSchemaLocation="https://maven.apache.org/surefire/maven-surefire-plugin/xsd/surefire-test-report.xsd" version="3.0.2" name="TestSuite" time="72.705" tests="33" errors="0" skipped="0" failures="0">
  <properties>
[...]
</properties>
  <testcase name="verifyMaximumPriceBook" classname="tests.TableTest" time="0.195">
    <system-out><![CDATA[22:39:07 INFO  - Book Detail Fetch Start
22:39:07 INFO  - Single Color Test
22:39:07 INFO  - Maximum Price Book Details:
 [Master In Selenium, Mukesh, Selenium, 3000]
22:39:07 INFO  - Maximum Price Book Assertion Passed
22:39:07 INFO  - Book Details Fetched Successfully
]]></system-out>
    <system-err><![CDATA[Jun 15, 2026 10:39:03 PM org.openqa.selenium.devtools.CdpVersionFinder findNearestMatch
WARNING: Unable to find an exact match for CDP version 149, returning the closest version; found: 148; Please update to a Selenium version that supports CDP version 149
Jun 15, 2026 10:39:03 PM org.openqa.selenium.devtools.CdpVersionFinder findNearestMatch
WARNING: Unable to find an exact match for CDP version 149, returning the closest version; found: 148; Please update to a Selenium version that supports CDP version 149
Jun 15, 2026 10:39:03 PM org.openqa.selenium.devtools.CdpVersionFinder findNearestMatch
WARNING: Unable to find an exact match for CDP version 149, returning the closest version; found: 148; Please update to a Selenium version that supports CDP version 149
Jun 15, 2026 10:39:03 PM org.openqa.selenium.devtools.CdpVersionFinder findNearestMatch
WARNING: Unable to find an exact match for CDP version 149, returning the closest version; found: 148; Please update to a Selenium version that supports CDP version 149
Jun 15, 2026 10:39:03 PM org.openqa.selenium.devtools.CdpVersionFinder findNearestMatch
WARNING: Unable to find an exact match for CDP version 149, returning the closest version; found: 148; Please update to a Selenium version that supports CDP version 149
]]></system-err>
  </testcase>
  <testcase name="verifyDynamicTableDetails" classname="tests.TableTest" time="0.054">
    <system-out><![CDATA[22:39:12 INFO  - Verifying Dynamic Table Details
22:39:12 INFO  - CPU load of Chrome process: 1.1%
22:39:12 INFO  - Memory Size of Firefox process: 69.6 MB
22:39:12 INFO  - Network speed of Chrome process: 4.8 Mbps
22:39:12 INFO  - Disk space of Firefox process: 0.07 MB/s
22:39:12 INFO  - Dynamic Table Assertion Passed
22:39:12 INFO  - Dynamic Table Details Fetched
]]></system-out>
    <system-err><![CDATA[Jun 15, 2026 10:39:11 PM org.openqa.selenium.devtools.CdpVersionFinder findNearestMatch
WARNING: Unable to find an exact match for CDP version 149, returning the closest version; found: 148; Please update to a Selenium version that supports CDP version 149
Jun 15, 2026 10:39:11 PM org.openqa.selenium.devtools.CdpVersionFinder findNearestMatch
WARNING: Unable to find an exact match for CDP version 149, returning the closest version; found: 148; Please update to a Selenium version that supports CDP version 149
]]></system-err>
  </testcase>
  <testcase name="verifyPaginationTable" classname="tests.TableTest" time="0.623">
    <system-out><![CDATA[22:39:24 INFO  - Selected Row Details: [8, Action Camera, $15.99, ]
22:39:24 INFO  - Pagination Table Assertion Passed
22:39:24 INFO  - Pagination Table Details Fetched
]]></system-out>
    <system-err><![CDATA[Jun 15, 2026 10:39:24 PM org.openqa.selenium.devtools.CdpVersionFinder findNearestMatch
WARNING: Unable to find an exact match for CDP version 149, returning the closest version; found: 148; Please update to a Selenium version that supports CDP version 149
]]></system-err>
  </testcase>
  <testcase name="verifyDropdownList" classname="tests.ListTest" time="1.72">
    <system-out><![CDATA[22:39:07 INFO  - Date Picker 1 started
22:39:09 INFO  - Single Animal Test
22:39:09 INFO  - Single color Assertion Passed
22:39:09 INFO  - Single Animal Assertion Passed
]]></system-out>
    <system-err><![CDATA[Jun 15, 2026 10:39:09 PM org.openqa.selenium.devtools.CdpVersionFinder findNearestMatch
WARNING: Unable to find an exact match for CDP version 149, returning the closest version; found: 148; Please update to a Selenium version that supports CDP version 149
]]></system-err>
  </testcase>
  <testcase name="verifyDropdownLists" classname="tests.ListTest" time="4.315">
    <system-out><![CDATA[22:39:18 INFO  - Multiple Color Test
22:39:21 INFO  - Multiple Animal Test
22:39:22 INFO  - Multiple color Assertion Passed
22:39:22 INFO  - Multiple Animal Assertion Passed
]]></system-out>
    <system-err><![CDATA[Jun 15, 2026 10:39:19 PM org.openqa.selenium.devtools.CdpVersionFinder findNearestMatch
WARNING: Unable to find an exact match for CDP version 149, returning the closest version; found: 148; Please update to a Selenium version that supports CDP version 149
Jun 15, 2026 10:39:21 PM org.openqa.selenium.devtools.CdpVersionFinder findNearestMatch
WARNING: Unable to find an exact match for CDP version 149, returning the closest version; found: 148; Please update to a Selenium version that supports CDP version 149
Jun 15, 2026 10:39:21 PM org.openqa.selenium.devtools.CdpVersionFinder findNearestMatch
WARNING: Unable to find an exact match for CDP version 149, returning the closest version; found: 148; Please update to a Selenium version that supports CDP version 149
]]></system-err>
  </testcase>
  <testcase name="handleDatePicker1" classname="tests.DateTest" time="2.283">
    <system-out><![CDATA[22:39:10 INFO  - Date Picker 1 Assertion Passed
]]></system-out>
  </testcase>
  <testcase name="handleDatePicker2" classname="tests.DateTest" time="0.65">
    <system-out><![CDATA[22:39:15 INFO  - Entering Gender
22:39:15 INFO  - Entering Days
22:39:15 INFO  - Date Picker 2 Assertion Passed
]]></system-out>
  </testcase>
  <testcase name="handleDatePicker3" classname="tests.DateTest" time="0.275">
    <system-out><![CDATA[22:39:23 INFO  - Verifying Pagination Table Details
22:39:23 INFO  - Date Picker 3 started
22:39:23 INFO  - Date Range Result :
You selected a range of 15 days.
22:39:23 INFO  - Date Picker 3 Assertion Passed
]]></system-out>
  </testcase>
  <testcase name="verifySingleFileUpload" classname="tests.UploadTest" time="0.385">
    <system-out><![CDATA[22:39:15 INFO  - Form Test Started
22:39:15 INFO  - Entering Name
22:39:15 INFO  - Date Picker 2 started
22:39:15 INFO  - Single File Upload Started
22:39:15 INFO  - Entering Email
22:39:15 INFO  - Entering Phone
22:39:15 INFO  - Entering Address
22:39:15 INFO  - Upload Message : Single file selected: sample.txt, Size: 21 bytes, Type: text/plain
22:39:15 INFO  - Single File Upload Assertion Passed
]]></system-out>
  </testcase>
  <testcase name="verifyMultipleFileUpload" classname="tests.UploadTest" time="0.131">
    <system-out><![CDATA[22:39:25 INFO  - Multiple File Upload Started
22:39:25 INFO  - Upload Message : Multiple files selected:
demo.txt, Size: 19 bytes, Type: text/plain
sample.txt, Size: 21 bytes, Type: text/plain
22:39:25 INFO  - Multiple File Upload Assertion 1 Passed
22:39:25 INFO  - Multiple File Upload Assertion 2 Passed
22:39:25 INFO  - Multiple File Upload Completed
]]></system-out>
  </testcase>
  <testcase name="verifyFormSubmission[David, david69@gmail.com, 9465976534, Kolkata India, male, sunday,monday, India](1)" classname="tests.GUIFormTest" time="0.726">
    <system-out><![CDATA[22:39:15 INFO  - Entering Country
22:39:15 INFO  - Name Assertion Passed
22:39:15 INFO  - Email Assertion Passed
22:39:15 INFO  - Phone Assertion Passed
22:39:15 INFO  - Address Assertion Passed
22:39:15 INFO  - Country Assertion Passed
22:39:15 INFO  - Form Test Completed
]]></system-out>
    <system-err><![CDATA[Jun 15, 2026 10:39:15 PM org.openqa.selenium.devtools.CdpVersionFinder findNearestMatch
WARNING: Unable to find an exact match for CDP version 149, returning the closest version; found: 148; Please update to a Selenium version that supports CDP version 149
]]></system-err>
  </testcase>
  <testcase name="verifyFormSubmission[Alex, alex24@gmail.com, 6497653897, Tokyo Japan, female, friday,tuesday, Japan](2)" classname="tests.GUIFormTest" time="0.677">
    <system-out><![CDATA[22:39:26 INFO  - Form Test Started
22:39:26 INFO  - Entering Name
22:39:26 INFO  - Entering Email
22:39:26 INFO  - Entering Phone
22:39:26 INFO  - Entering Address
22:39:26 INFO  - Entering Gender
22:39:26 INFO  - Entering Days
22:39:26 INFO  - Entering Country
22:39:26 INFO  - Name Assertion Passed
22:39:26 INFO  - Email Assertion Passed
22:39:26 INFO  - Phone Assertion Passed
22:39:26 INFO  - Address Assertion Passed
22:39:26 INFO  - Country Assertion Passed
22:39:26 INFO  - Form Test Completed
]]></system-out>
    <system-err><![CDATA[Jun 15, 2026 10:39:25 PM org.openqa.selenium.devtools.CdpVersionFinder findNearestMatch
WARNING: Unable to find an exact match for CDP version 149, returning the closest version; found: 148; Please update to a Selenium version that supports CDP version 149
Jun 15, 2026 10:39:26 PM org.openqa.selenium.devtools.CdpVersionFinder findNearestMatch
WARNING: Unable to find an exact match for CDP version 149, returning the closest version; found: 148; Please update to a Selenium version that supports CDP version 149
]]></system-err>
  </testcase>
  <testcase name="testForm" classname="tests.FormTest" time="0.337">
    <system-out><![CDATA[22:39:27 INFO  - Form Test Started
22:39:27 INFO  - Section 1 Assertion Passed
22:39:27 INFO  - Section 2 Assertion Passed
22:39:27 INFO  - Section 3 Assertion Passed
22:39:27 INFO  - Form Test Completed
]]></system-out>
    <system-err><![CDATA[Jun 15, 2026 10:39:27 PM org.openqa.selenium.devtools.CdpVersionFinder findNearestMatch
WARNING: Unable to find an exact match for CDP version 149, returning the closest version; found: 148; Please update to a Selenium version that supports CDP version 149
]]></system-err>
  </testcase>
  <testcase name="verifyWikiPediaSearch" classname="tests.TabTest" time="2.738">
    <system-out><![CDATA[22:39:29 INFO  - Hidden Ajax Test Started
22:39:29 INFO  - Download File Test Started
22:39:30 INFO  - Wiki Pedia Search Test
22:39:30 INFO  - Dynamic Button Test Started
22:39:30 INFO  - Clicking START Button
22:39:33 INFO  - Total Result Found: 5
]]></system-out>
    <system-err><![CDATA[Jun 15, 2026 10:39:29 PM org.openqa.selenium.devtools.CdpVersionFinder findNearestMatch
WARNING: Unable to find an exact match for CDP version 149, returning the closest version; found: 148; Please update to a Selenium version that supports CDP version 149
Jun 15, 2026 10:39:30 PM org.openqa.selenium.devtools.CdpVersionFinder findNearestMatch
WARNING: Unable to find an exact match for CDP version 149, returning the closest version; found: 148; Please update to a Selenium version that supports CDP version 149
]]></system-err>
  </testcase>
  <testcase name="handleSimpleAlert" classname="tests.AlertTest" time="0.08">
    <system-out><![CDATA[22:39:33 INFO  - STOP Button Displayed
22:39:33 INFO  - Simple Alert Test Started
22:39:33 INFO  - Simple Alert Accepted Successfully
]]></system-out>
  </testcase>
  <testcase name="handleConfirmAlertAccept" classname="tests.AlertTest" time="0.089">
    <system-out><![CDATA[22:39:38 INFO  - Double Click Test Started
22:39:39 INFO  - Confirm Alert Accept Test Started
22:39:39 INFO  - Confirm Alert Result : You pressed OK!
]]></system-out>
    <system-err><![CDATA[Jun 15, 2026 10:39:37 PM org.openqa.selenium.devtools.CdpVersionFinder findNearestMatch
WARNING: Unable to find an exact match for CDP version 149, returning the closest version; found: 148; Please update to a Selenium version that supports CDP version 149
Jun 15, 2026 10:39:37 PM org.openqa.selenium.devtools.CdpVersionFinder findNearestMatch
WARNING: Unable to find an exact match for CDP version 149, returning the closest version; found: 148; Please update to a Selenium version that supports CDP version 149
]]></system-err>
  </testcase>
  <testcase name="handleConfirmAlertDismiss" classname="tests.AlertTest" time="0.088">
    <system-out><![CDATA[22:39:44 INFO  - Confirm Alert Dismiss Test Started
22:39:45 INFO  - Confirm Alert Result : You pressed Cancel!
]]></system-out>
    <system-err><![CDATA[Jun 15, 2026 10:39:43 PM org.openqa.selenium.devtools.CdpVersionFinder findNearestMatch
WARNING: Unable to find an exact match for CDP version 149, returning the closest version; found: 148; Please update to a Selenium version that supports CDP version 149
Jun 15, 2026 10:39:43 PM org.openqa.selenium.devtools.CdpVersionFinder findNearestMatch
WARNING: Unable to find an exact match for CDP version 149, returning the closest version; found: 148; Please update to a Selenium version that supports CDP version 149
Jun 15, 2026 10:39:43 PM org.openqa.selenium.devtools.CdpVersionFinder findNearestMatch
WARNING: Unable to find an exact match for CDP version 149, returning the closest version; found: 148; Please update to a Selenium version that supports CDP version 149
Jun 15, 2026 10:39:44 PM org.openqa.selenium.devtools.CdpVersionFinder findNearestMatch
WARNING: Unable to find an exact match for CDP version 149, returning the closest version; found: 148; Please update to a Selenium version that supports CDP version 149
]]></system-err>
  </testcase>
  <testcase name="handlePromptAlertAccept" classname="tests.AlertTest" time="0.111">
    <system-out><![CDATA[22:39:50 INFO  - Shadow DOM Test Started
22:39:50 INFO  - Prompt Alert Accept Test Started
22:39:50 INFO  - Prompt Alert Result : Hello David! How are you today?
]]></system-out>
    <system-err><![CDATA[Jun 15, 2026 10:39:49 PM org.openqa.selenium.devtools.CdpVersionFinder findNearestMatch
WARNING: Unable to find an exact match for CDP version 149, returning the closest version; found: 148; Please update to a Selenium version that supports CDP version 149
Jun 15, 2026 10:39:49 PM org.openqa.selenium.devtools.CdpVersionFinder findNearestMatch
WARNING: Unable to find an exact match for CDP version 149, returning the closest version; found: 148; Please update to a Selenium version that supports CDP version 149
]]></system-err>
  </testcase>
  <testcase name="handlePromptAlertDismiss" classname="tests.AlertTest" time="0.094">
    <system-out><![CDATA[22:39:55 INFO  - Prompt Alert Dismiss Test Started
22:39:55 INFO  - Prompt Alert Result : User cancelled the prompt.
]]></system-out>
    <system-err><![CDATA[Jun 15, 2026 10:39:54 PM org.openqa.selenium.devtools.CdpVersionFinder findNearestMatch
WARNING: Unable to find an exact match for CDP version 149, returning the closest version; found: 148; Please update to a Selenium version that supports CDP version 149
]]></system-err>
  </testcase>
  <testcase name="verifyHiddenAjaxPage" classname="tests.HiddenAjaxTest" time="1.827">
    <system-out><![CDATA[22:39:35 INFO  - Ajax Status Assertion Passed
22:39:35 INFO  - Hidden Ajax Test Completed
]]></system-out>
  </testcase>
  <testcase name="verifyDynamicButton" classname="tests.DynamicButtonTest" time="1.932">
    <system-out><![CDATA[22:39:35 INFO  - Clicking STOP Button
22:39:35 INFO  - START Button Displayed Again
22:39:35 INFO  - Dynamic Button Test Passed
]]></system-out>
    <system-err><![CDATA[Jun 15, 2026 10:39:35 PM org.openqa.selenium.devtools.CdpVersionFinder findNearestMatch
WARNING: Unable to find an exact match for CDP version 149, returning the closest version; found: 148; Please update to a Selenium version that supports CDP version 149
Jun 15, 2026 10:39:35 PM org.openqa.selenium.devtools.CdpVersionFinder findNearestMatch
WARNING: Unable to find an exact match for CDP version 149, returning the closest version; found: 148; Please update to a Selenium version that supports CDP version 149
]]></system-err>
  </testcase>
  <testcase name="verifyMouseHover1" classname="tests.MouseHoverTest" time="1.351">
    <system-out><![CDATA[22:39:39 INFO  - Mouse Hover Test 1
22:39:40 INFO  - Mouse Hover and Mobiles Click Successful
]]></system-out>
  </testcase>
  <testcase name="verifyMouseHover2" classname="tests.MouseHoverTest" time="0.129">
    <system-out><![CDATA[22:39:46 INFO  - Mouse Hover Test 2
22:39:46 INFO  - Starting Svg Element Test
22:39:47 INFO  - Scrolling Dropdown Test Started
22:39:47 INFO  - Mouse Hover and Laptops Click Successful
]]></system-out>
    <system-err><![CDATA[Jun 15, 2026 10:39:47 PM org.openqa.selenium.devtools.CdpVersionFinder findNearestMatch
WARNING: Unable to find an exact match for CDP version 149, returning the closest version; found: 148; Please update to a Selenium version that supports CDP version 149
]]></system-err>
  </testcase>
  <testcase name="testDoubleClickCopyText" classname="tests.DoubleClickTest" time="0.289">
    <system-out><![CDATA[22:39:40 INFO  - Drag and Drop Test Started
22:39:41 INFO  - Original Text : Hello World!
22:39:41 INFO  - Copied Text   : Hello World!
22:39:41 INFO  - Double Click Test Passed
]]></system-out>
  </testcase>
  <testcase name="testDragAndDrop" classname="tests.DragDropTest" time="0.384">
    <system-out><![CDATA[22:39:41 INFO  - Drag and Drop Test Passed
22:39:41 INFO  - Drop Result: Dropped!
]]></system-out>
    <system-err><![CDATA[Jun 15, 2026 10:39:41 PM org.openqa.selenium.devtools.CdpVersionFinder findNearestMatch
WARNING: Unable to find an exact match for CDP version 149, returning the closest version; found: 148; Please update to a Selenium version that supports CDP version 149
]]></system-err>
  </testcase>
  <testcase name="automateDownloadFiles" classname="tests.DownloadFilesTest" time="0.985">
    <system-out><![CDATA[PDF Download Link Generated Successfully
22:39:41 INFO  - Current URL : https://testautomationpractice.blogspot.com/p/download-files_25.html
22:39:41 INFO  - Download Files Test Passed
]]></system-out>
  </testcase>
  <testcase name="veriFySVGElement" classname="tests.SvgTest" time="0.139">
    <system-out><![CDATA[22:39:47 INFO  - Red Circle Displayed : true
22:39:47 INFO  - Green Rectangle Displayed : true
22:39:47 INFO  - Blue Triangle Displayed : true
22:39:47 INFO  - Svg Element Test Completed
]]></system-out>
  </testcase>
  <testcase name="verifyScrollingDropdown" classname="tests.DropDownTest" time="1.027">
    <system-out><![CDATA[22:39:48 INFO  - Selected Option: Item 59
22:39:48 INFO  - Scrolling Dropdown Test Passed
]]></system-out>
  </testcase>
  <testcase name="verifySliderMovement" classname="tests.SliderTest" time="1.473">
    <system-out><![CDATA[22:39:49 INFO  - Slider moved successfully
]]></system-out>
  </testcase>
  <testcase name="verifyMobileLabels" classname="tests.LabelLinkTest" time="0.054">
    <system-out><![CDATA[22:39:52 INFO  - Mobile Labels Test Started
22:39:53 INFO  - Mobile Label : Samsung
22:39:53 INFO  - Mobile Label : Real Me
22:39:53 INFO  - Mobile Label : Moto
22:39:53 INFO  - Mobile Labels Test Passed
]]></system-out>
    <system-err><![CDATA[Jun 15, 2026 10:39:52 PM org.openqa.selenium.devtools.CdpVersionFinder findNearestMatch
WARNING: Unable to find an exact match for CDP version 149, returning the closest version; found: 148; Please update to a Selenium version that supports CDP version 149
]]></system-err>
  </testcase>
  <testcase name="verifyLaptopLinks" classname="tests.LabelLinkTest" time="0.036">
    <system-out><![CDATA[22:39:59 INFO  - Laptop Links Test Started
22:39:59 INFO  - Laptop Link : Apple
22:39:59 INFO  - Laptop Link : Lenovo
22:39:59 INFO  - Laptop Link : Dell
22:39:59 INFO  - Laptop Links Test Passed
]]></system-out>
  </testcase>
  <testcase name="verifyBrokenLinks" classname="tests.LabelLinkTest" time="6.04">
    <system-out><![CDATA[22:40:05 INFO  - Broken Links Test Started
22:40:11 INFO  - Errorcode 400 -> 400
22:40:11 INFO  - Errorcode 401 -> 401
22:40:11 INFO  - Errorcode 403 -> 403
22:40:11 INFO  - Errorcode 404 -> 404
22:40:11 INFO  - Errorcode 408 -> 408
22:40:11 INFO  - Errorcode 500 -> 500
22:40:11 INFO  - Errorcode 502 -> 502
22:40:11 INFO  - Errorcode 503 -> 503
22:40:11 INFO  - Broken Links Test Passed
]]></system-out>
    <system-err><![CDATA[Jun 15, 2026 10:40:01 PM org.openqa.selenium.devtools.CdpVersionFinder findNearestMatch
WARNING: Unable to find an exact match for CDP version 149, returning the closest version; found: 148; Please update to a Selenium version that supports CDP version 149
]]></system-err>
  </testcase>
  <testcase name="verifyShadowDomElements" classname="tests.ShadowDomTest" time="0.515">
    <system-out><![CDATA[22:39:53 INFO  - Mobile Label : Mobiles
22:39:53 INFO  - Laptop Label : Laptops
22:39:53 INFO  - Blog Link : Blog
22:39:53 INFO  - Entered Text : Shadow DOM Testing
22:39:53 INFO  - CheckBox Selected : true
22:39:53 INFO  - Uploaded File : C:\fakepath\sample.txt
22:39:53 INFO  - Youtube Link : Youtube
22:39:53 INFO  - Shadow DOM Test Passed
]]></system-out>
  </testcase>
</testsuite>