<?xml version="1.0" encoding="UTF-8"?>
<!-- Generated by org.testng.reporters.JUnitReportReporter -->
<testsuite hostname="LAPTOP-L7CIVKP3" failures="0" tests="3" name="tests.DateTest" time="24.379" errors="0" timestamp="2026-06-15T22:40:12 IST" skipped="0">
  <testcase classname="tests.DateTest" name="handleDatePicker1" time="7.375"/>
  <testcase classname="tests.DateTest" name="handleDatePicker2" time="7.043"/>
  <testcase classname="tests.DateTest" name="handleDatePicker3" time="9.961"/>
</testsuite> <!-- tests.DateTest -->
