<?xml version="1.0" encoding="UTF-8"?>
<!-- Generated by org.testng.reporters.JUnitReportReporter -->
<testsuite hostname="LAPTOP-L7CIVKP3" failures="0" tests="3" name="tests.LabelLinkTest" time="23.205" errors="0" timestamp="2026-06-15T22:40:12 IST" skipped="0">
  <testcase classname="tests.LabelLinkTest" name="verifyMobileLabels" time="6.349"/>
  <testcase classname="tests.LabelLinkTest" name="verifyLaptopLinks" time="5.065"/>
  <testcase classname="tests.LabelLinkTest" name="verifyBrokenLinks" time="11.791"/>
</testsuite> <!-- tests.LabelLinkTest -->
