<?xml version="1.0" encoding="UTF-8"?>
<!-- Generated by org.testng.reporters.JUnitReportReporter -->
<testsuite hostname="LAPTOP-L7CIVKP3" failures="0" tests="5" name="tests.AlertTest" time="27.302" errors="0" timestamp="2026-06-15T22:40:12 IST" skipped="0">
  <testcase classname="tests.AlertTest" name="handleSimpleAlert" time="5.263"/>
  <testcase classname="tests.AlertTest" name="handleConfirmAlertAccept" time="5.441"/>
  <testcase classname="tests.AlertTest" name="handleConfirmAlertDismiss" time="5.407"/>
  <testcase classname="tests.AlertTest" name="handlePromptAlertAccept" time="5.183"/>
  <testcase classname="tests.AlertTest" name="handlePromptAlertDismiss" time="6.008"/>
</testsuite> <!-- tests.AlertTest -->
