<?xml version="1.0" encoding="UTF-8"?>
<!-- Generated by org.testng.reporters.JUnitReportReporter -->
<testsuite hostname="LAPTOP-L7CIVKP3" failures="0" tests="3" name="tests.TableTest" time="24.704" errors="0" timestamp="2026-06-15T22:40:12 IST" skipped="0">
  <testcase classname="tests.TableTest" name="verifyMaximumPriceBook" time="5.689"/>
  <testcase classname="tests.TableTest" name="verifyDynamicTableDetails" time="7.420"/>
  <testcase classname="tests.TableTest" name="verifyPaginationTable" time="11.595"/>
</testsuite> <!-- tests.TableTest -->
